<?xml version="1.0" encoding="UTF-8"?>
<testsuite name="Users API scenarios" tests="5" skipped="0" failures="0" errors="0" timestamp="2024-05-19T16:11:05" hostname="LAPTOP-KQ28J4NA" time="1.243">
  <properties/>
  <testcase name="add a new user" classname="Users API scenarios" time="0.129"/>
  <testcase name="logs user into the system" classname="Users API scenarios" time="0.302"/>
  <testcase name="get user by user name" classname="Users API scenarios" time="0.026"/>
  <testcase name="update user info and retrieve it" classname="Users API scenarios" time="0.676"/>
  <testcase name="delete an existing user by username" classname="Users API scenarios" time="0.11"/>
  <system-out><![CDATA[Response Status Code: 200
Response JSON: {"id":25,"username":"userCarl","firstName":"Carl","lastName":"Carlson","email":"john@email.com","password":"passCarl","phone":"12345","userStatus":1}
Response Status Code: 200
Response user session: Logged in user session: 3830362694793933215
Response Status Code: 200
Response JSON: {"id":25,"username":"userCarl","firstName":"Carl","lastName":"Carlson","email":"john@email.com","password":"passCarl","phone":"12345","userStatus":1}
Response Status Code: 200
Response JSON: {"id":25,"username":"updateCarl","firstName":"Carl","lastName":"Carlson","email":"john@email.com","password":"carlPass","phone":"12345","userStatus":1}
Retrieved updated User JSON: {"id":25,"username":"updateCarl","firstName":"Carl","lastName":"Carlson","email":"john@email.com","password":"carlPass","phone":"12345","userStatus":1}
Response Status Code: 200
Response JSON: 
Retrieved deleted User JSON: User not found
]]></system-out>
  <system-err><![CDATA[]]></system-err>
</testsuite>
